2016/03/24 00:28:33 [error] [php] require_once(/Users/radu/Documents/coding/sc2tracker/protected/views/site/yii/vendor/yiisoft/yii2/Yii.php): failed to open stream: No such file or directory (/Users/radu/Documents/coding/sc2tracker/protected/views/site/dashboard.php:4)
Stack trace:
#0 /Users/radu/Documents/coding/sc2tracker/protected/framework/web/CBaseController.php(95): SiteController->renderInternal()
#1 /Users/radu/Documents/coding/sc2tracker/protected/framework/web/CController.php(869): SiteController->renderFile()
#2 /Users/radu/Documents/coding/sc2tracker/protected/framework/web/CController.php(782): SiteController->renderPartial()
#3 /Users/radu/Documents/coding/sc2tracker/protected/controllers/SiteController.php(32): SiteController->render()
#4 /Users/radu/Documents/coding/sc2tracker/protected/framework/web/actions/CInlineAction.php(49): SiteController->actionIndex()
#5 /Users/radu/Documents/coding/sc2tracker/protected/framework/web/CController.php(308): CInlineAction->runWithParams()
#6 /Users/radu/Documents/coding/sc2tracker/protected/framework/web/CController.php(286): SiteController->runAction()
#7 /Users/radu/Documents/coding/sc2tracker/protected/framework/web/CController.php(265): SiteController->runActionWithFilters()
#8 /Users/radu/Documents/coding/sc2tracker/protected/framework/web/CWebApplication.php(282): SiteController->run()
#9 /Users/radu/Documents/coding/sc2tracker/protected/framework/web/CWebApplication.php(141): CWebApplication->runController()
#10 /Users/radu/Documents/coding/sc2tracker/protected/framework/base/CApplication.php(185): CWebApplication->processRequest()
#11 /Users/radu/Documents/coding/sc2tracker/index.php(13): CWebApplication->run()
REQUEST_URI=/index.php
in /Users/radu/Documents/coding/sc2tracker/protected/views/site/dashboard.php (4)
in /Users/radu/Documents/coding/sc2tracker/protected/views/site/dashboard.php (4)
in /Users/radu/Documents/coding/sc2tracker/protected/controllers/SiteController.php (32)
2016/03/24 00:54:01 [error] [php] Undefined variable: name (/Users/radu/Documents/coding/sc2tracker/protected/views/site/profile-widget.php:4)
Stack trace:
#0 /Users/radu/Documents/coding/sc2tracker/protected/framework/web/CController.php(869): SiteController->renderFile()
#1 /Users/radu/Documents/coding/sc2tracker/protected/views/site/dashboard.php(38): SiteController->renderPartial()
#2 /Users/radu/Documents/coding/sc2tracker/protected/framework/web/CBaseController.php(126): require()
#3 /Users/radu/Documents/coding/sc2tracker/protected/framework/web/CBaseController.php(95): SiteController->renderInternal()
#4 /Users/radu/Documents/coding/sc2tracker/protected/framework/web/CController.php(869): SiteController->renderFile()
#5 /Users/radu/Documents/coding/sc2tracker/protected/framework/web/CController.php(782): SiteController->renderPartial()
#6 /Users/radu/Documents/coding/sc2tracker/protected/controllers/SiteController.php(32): SiteController->render()
#7 /Users/radu/Documents/coding/sc2tracker/protected/framework/web/actions/CInlineAction.php(49): SiteController->actionIndex()
#8 /Users/radu/Documents/coding/sc2tracker/protected/framework/web/CController.php(308): CInlineAction->runWithParams()
#9 /Users/radu/Documents/coding/sc2tracker/protected/framework/web/CController.php(286): SiteController->runAction()
#10 /Users/radu/Documents/coding/sc2tracker/protected/framework/web/CController.php(265): SiteController->runActionWithFilters()
#11 /Users/radu/Documents/coding/sc2tracker/protected/framework/web/CWebApplication.php(282): SiteController->run()
#12 /Users/radu/Documents/coding/sc2tracker/protected/framework/web/CWebApplication.php(141): CWebApplication->runController()
#13 /Users/radu/Documents/coding/sc2tracker/protected/framework/base/CApplication.php(185): CWebApplication->processRequest()
#14 /Users/radu/Documents/coding/sc2tracker/index.php(13): CWebApplication->run()
REQUEST_URI=/index.php
in /Users/radu/Documents/coding/sc2tracker/protected/views/site/profile-widget.php (4)
in /Users/radu/Documents/coding/sc2tracker/protected/views/site/dashboard.php (38)
in /Users/radu/Documents/coding/sc2tracker/protected/controllers/SiteController.php (32)
2016/03/27 00:19:01 [error] [php] Undefined index: id (/Users/radu/Documents/coding/sc2tracker/protected/views/site/dashboard.php:18)
Stack trace:
#0 /Users/radu/Documents/coding/sc2tracker/protected/framework/web/CController.php(869): SiteController->renderFile()
#1 /Users/radu/Documents/coding/sc2tracker/protected/framework/web/CController.php(782): SiteController->renderPartial()
#2 /Users/radu/Documents/coding/sc2tracker/protected/controllers/SiteController.php(32): SiteController->render()
#3 /Users/radu/Documents/coding/sc2tracker/protected/framework/web/actions/CInlineAction.php(49): SiteController->actionIndex()
#4 /Users/radu/Documents/coding/sc2tracker/protected/framework/web/CController.php(308): CInlineAction->runWithParams()
#5 /Users/radu/Documents/coding/sc2tracker/protected/framework/web/CController.php(286): SiteController->runAction()
#6 /Users/radu/Documents/coding/sc2tracker/protected/framework/web/CController.php(265): SiteController->runActionWithFilters()
#7 /Users/radu/Documents/coding/sc2tracker/protected/framework/web/CWebApplication.php(282): SiteController->run()
#8 /Users/radu/Documents/coding/sc2tracker/protected/framework/web/CWebApplication.php(141): CWebApplication->runController()
#9 /Users/radu/Documents/coding/sc2tracker/protected/framework/base/CApplication.php(185): CWebApplication->processRequest()
#10 /Users/radu/Documents/coding/sc2tracker/index.php(13): CWebApplication->run()
REQUEST_URI=/?&name=id=2538432&realm=1&name=radu
in /Users/radu/Documents/coding/sc2tracker/protected/views/site/dashboard.php (18)
in /Users/radu/Documents/coding/sc2tracker/protected/controllers/SiteController.php (32)
in /Users/radu/Documents/coding/sc2tracker/index.php (13)
2016/03/27 01:26:22 [error] [php] Undefined variable: id (/Users/radu/Documents/coding/sc2tracker/protected/views/site/dashboard.php:17)
Stack trace:
#0 /Users/radu/Documents/coding/sc2tracker/protected/framework/web/CController.php(869): SiteController->renderFile()
#1 /Users/radu/Documents/coding/sc2tracker/protected/framework/web/CController.php(782): SiteController->renderPartial()
#2 /Users/radu/Documents/coding/sc2tracker/protected/controllers/SiteController.php(32): SiteController->render()
#3 /Users/radu/Documents/coding/sc2tracker/protected/framework/web/actions/CInlineAction.php(49): SiteController->actionIndex()
#4 /Users/radu/Documents/coding/sc2tracker/protected/framework/web/CController.php(308): CInlineAction->runWithParams()
#5 /Users/radu/Documents/coding/sc2tracker/protected/framework/web/CController.php(286): SiteController->runAction()
#6 /Users/radu/Documents/coding/sc2tracker/protected/framework/web/CController.php(265): SiteController->runActionWithFilters()
#7 /Users/radu/Documents/coding/sc2tracker/protected/framework/web/CWebApplication.php(282): SiteController->run()
#8 /Users/radu/Documents/coding/sc2tracker/protected/framework/web/CWebApplication.php(141): CWebApplication->runController()
#9 /Users/radu/Documents/coding/sc2tracker/protected/framework/base/CApplication.php(185): CWebApplication->processRequest()
#10 /Users/radu/Documents/coding/sc2tracker/index.php(13): CWebApplication->run()
REQUEST_URI=/?&id=2538432&realm=1&name=radu
in /Users/radu/Documents/coding/sc2tracker/protected/views/site/dashboard.php (17)
in /Users/radu/Documents/coding/sc2tracker/protected/controllers/SiteController.php (32)
in /Users/radu/Documents/coding/sc2tracker/index.php (13)
